<?xml version="1.0" encoding="UTF-8"?>
<!-- Generated by org.testng.reporters.JUnitXMLReporter -->
<testsuite hostname="DESKTOP-SJKB37P" name="Test" tests="5" failures="0" timestamp="12 Dec 2022 03:50:38 GMT" time="25.728" errors="0">
  <testcase name="@BeforeMethod beforeMethod" time="0.0" classname="pom.testcases.TC005">
    <failure type="java.lang.NullPointerException">
      <![CDATA[java.lang.NullPointerException
	at wrappers.GenericWrappers.takeSnap(GenericWrappers.java:728)
	at utils.Reporting.reportStep(Reporting.java:38)
	at wrappers.GenericWrappers.invokeApp(GenericWrappers.java:118)
	at wrappers.GenericWrappers.invokeApp(GenericWrappers.java:77)
	at wrappers.ProjectWrappers.beforeMethod(ProjectWrappers.java:34)
	at java.util.concurrent.ThreadPoolExecutor.runWorker(ThreadPoolExecutor.java:1149)
	at java.util.concurrent.ThreadPoolExecutor$Worker.run(ThreadPoolExecutor.java:624)
	at java.lang.Thread.run(Thread.java:748)
... Removed 12 stack frames]]>
    </failure>
  </testcase> <!-- @BeforeMethod beforeMethod -->
  <testcase name="@AfterMethod afterMethod" time="0.0" classname="pom.testcases.TC005">
    <skipped/>
  </testcase> <!-- @AfterMethod afterMethod -->
  <testcase name="@AfterClass afterClass" time="0.0" classname="pom.testcases.TC005">
    <skipped/>
  </testcase> <!-- @AfterClass afterClass -->
  <testcase name="@BeforeMethod beforeMethod" time="0.0" classname="pom.testcases.TC002">
    <failure type="java.lang.NullPointerException">
      <![CDATA[java.lang.NullPointerException
	at wrappers.GenericWrappers.takeSnap(GenericWrappers.java:728)
	at utils.Reporting.reportStep(Reporting.java:38)
	at wrappers.GenericWrappers.invokeApp(GenericWrappers.java:118)
	at wrappers.GenericWrappers.invokeApp(GenericWrappers.java:77)
	at wrappers.ProjectWrappers.beforeMethod(ProjectWrappers.java:34)
	at java.util.concurrent.ThreadPoolExecutor.runWorker(ThreadPoolExecutor.java:1149)
	at java.util.concurrent.ThreadPoolExecutor$Worker.run(ThreadPoolExecutor.java:624)
	at java.lang.Thread.run(Thread.java:748)
... Removed 12 stack frames]]>
    </failure>
  </testcase> <!-- @BeforeMethod beforeMethod -->
  <testcase name="@AfterMethod afterMethod" time="0.0" classname="pom.testcases.TC002">
    <skipped/>
  </testcase> <!-- @AfterMethod afterMethod -->
  <testcase name="@AfterClass afterClass" time="0.0" classname="pom.testcases.TC002">
    <skipped/>
  </testcase> <!-- @AfterClass afterClass -->
  <testcase name="@BeforeMethod beforeMethod" time="0.0" classname="pom.testcases.TC003">
    <failure type="java.lang.NullPointerException">
      <![CDATA[java.lang.NullPointerException
	at wrappers.GenericWrappers.takeSnap(GenericWrappers.java:728)
	at utils.Reporting.reportStep(Reporting.java:38)
	at wrappers.GenericWrappers.invokeApp(GenericWrappers.java:118)
	at wrappers.GenericWrappers.invokeApp(GenericWrappers.java:77)
	at wrappers.ProjectWrappers.beforeMethod(ProjectWrappers.java:34)
	at java.util.concurrent.ThreadPoolExecutor.runWorker(ThreadPoolExecutor.java:1149)
	at java.util.concurrent.ThreadPoolExecutor$Worker.run(ThreadPoolExecutor.java:624)
	at java.lang.Thread.run(Thread.java:748)
... Removed 12 stack frames]]>
    </failure>
  </testcase> <!-- @BeforeMethod beforeMethod -->
  <testcase name="@AfterMethod afterMethod" time="0.0" classname="pom.testcases.TC003">
    <skipped/>
  </testcase> <!-- @AfterMethod afterMethod -->
  <testcase name="@AfterClass afterClass" time="0.0" classname="pom.testcases.TC003">
    <skipped/>
  </testcase> <!-- @AfterClass afterClass -->
  <testcase name="@BeforeMethod beforeMethod" time="0.0" classname="pom.testcases.TC004">
    <failure type="java.lang.NullPointerException">
      <![CDATA[java.lang.NullPointerException
	at wrappers.GenericWrappers.takeSnap(GenericWrappers.java:728)
	at utils.Reporting.reportStep(Reporting.java:38)
	at wrappers.GenericWrappers.invokeApp(GenericWrappers.java:118)
	at wrappers.GenericWrappers.invokeApp(GenericWrappers.java:77)
	at wrappers.ProjectWrappers.beforeMethod(ProjectWrappers.java:34)
	at java.util.concurrent.ThreadPoolExecutor.runWorker(ThreadPoolExecutor.java:1149)
	at java.util.concurrent.ThreadPoolExecutor$Worker.run(ThreadPoolExecutor.java:624)
	at java.lang.Thread.run(Thread.java:748)
... Removed 12 stack frames]]>
    </failure>
  </testcase> <!-- @BeforeMethod beforeMethod -->
  <testcase name="@AfterMethod afterMethod" time="0.0" classname="pom.testcases.TC004">
    <skipped/>
  </testcase> <!-- @AfterMethod afterMethod -->
  <testcase name="@BeforeMethod beforeMethod" time="0.0" classname="pom.testcases.TC001">
    <failure type="java.lang.NullPointerException">
      <![CDATA[java.lang.NullPointerException
	at wrappers.GenericWrappers.takeSnap(GenericWrappers.java:728)
	at utils.Reporting.reportStep(Reporting.java:38)
	at wrappers.GenericWrappers.invokeApp(GenericWrappers.java:118)
	at wrappers.GenericWrappers.invokeApp(GenericWrappers.java:77)
	at wrappers.ProjectWrappers.beforeMethod(ProjectWrappers.java:34)
	at java.util.concurrent.ThreadPoolExecutor.runWorker(ThreadPoolExecutor.java:1149)
	at java.util.concurrent.ThreadPoolExecutor$Worker.run(ThreadPoolExecutor.java:624)
	at java.lang.Thread.run(Thread.java:748)
... Removed 12 stack frames]]>
    </failure>
  </testcase> <!-- @BeforeMethod beforeMethod -->
  <testcase name="@AfterClass afterClass" time="0.0" classname="pom.testcases.TC004">
    <skipped/>
  </testcase> <!-- @AfterClass afterClass -->
  <testcase name="@AfterMethod afterMethod" time="0.0" classname="pom.testcases.TC001">
    <skipped/>
  </testcase> <!-- @AfterMethod afterMethod -->
  <testcase name="@AfterClass afterClass" time="0.0" classname="pom.testcases.TC001">
    <skipped/>
  </testcase> <!-- @AfterClass afterClass -->
  <testcase name="@AfterTest afterTest" time="0.0" classname="pom.testcases.TC001">
    <skipped/>
  </testcase> <!-- @AfterTest afterTest -->
  <testcase name="irctcGstvalidation" time="0.002" classname="pom.testcases.TC005">
    <skipped/>
  </testcase> <!-- irctcGstvalidation -->
  <testcase name="irctcAccommodations" time="0.001" classname="pom.testcases.TC002">
    <skipped/>
  </testcase> <!-- irctcAccommodations -->
  <testcase name="irctcFtrServices" time="0.002" classname="pom.testcases.TC003">
    <skipped/>
  </testcase> <!-- irctcFtrServices -->
  <testcase name="irctcSaloon" time="0.001" classname="pom.testcases.TC004">
    <skipped/>
  </testcase> <!-- irctcSaloon -->
  <testcase name="irctcSignUp" time="0.001" classname="pom.testcases.TC001">
    <skipped/>
  </testcase> <!-- irctcSignUp -->
</testsuite> <!-- Test -->
