<?xml version="1.0" encoding="UTF-8"?>
<testng-results ignored="0" total="5" passed="5" failed="0" skipped="0">
  <reporter-output>
  </reporter-output>
  <suite started-at="2022-12-02T09:11:15 IST" name="Default suite" finished-at="2022-12-02T09:11:16 IST" duration-ms="151">
    <groups>
    </groups>
    <test started-at="2022-12-02T09:11:15 IST" name="Default test" finished-at="2022-12-02T09:11:16 IST" duration-ms="151">
      <class name="testNG.Account">
        <test-method signature="AccountCreation()[pri:0, instance:testNG.Account@4facf68f]" started-at="2022-12-02T09:11:16 IST" name="AccountCreation" finished-at="2022-12-02T09:11:16 IST" duration-ms="22" status="PASS">
          <reporter-output>
          </reporter-output>
        </test-method> <!-- AccountCreation -->
        <test-method signature="AccountUpdation()[pri:0, instance:testNG.Account@4facf68f]" started-at="2022-12-02T09:11:16 IST" name="AccountUpdation" finished-at="2022-12-02T09:11:16 IST" depends-on-methods="testNG.Account.AccountCreation" duration-ms="5" status="PASS">
          <reporter-output>
          </reporter-output>
        </test-method> <!-- AccountUpdation -->
        <test-method signature="AccountManipulation()[pri:0, instance:testNG.Account@4facf68f]" started-at="2022-12-02T09:11:16 IST" name="AccountManipulation" finished-at="2022-12-02T09:11:16 IST" depends-on-methods="testNG.Account.AccountUpdation" duration-ms="6" status="PASS">
          <reporter-output>
          </reporter-output>
        </test-method> <!-- AccountManipulation -->
        <test-method signature="AccountVerification()[pri:0, instance:testNG.Account@4facf68f]" started-at="2022-12-02T09:11:16 IST" name="AccountVerification" finished-at="2022-12-02T09:11:16 IST" depends-on-methods="testNG.Account.AccountManipulation" duration-ms="4" status="PASS">
          <reporter-output>
          </reporter-output>
        </test-method> <!-- AccountVerification -->
        <test-method signature="AccountDeletion()[pri:0, instance:testNG.Account@4facf68f]" started-at="2022-12-02T09:11:16 IST" name="AccountDeletion" finished-at="2022-12-02T09:11:16 IST" depends-on-methods="testNG.Account.AccountVerification" duration-ms="2" status="PASS">
          <reporter-output>
          </reporter-output>
        </test-method> <!-- AccountDeletion -->
      </class> <!-- testNG.Account -->
    </test> <!-- Default test -->
  </suite> <!-- Default suite -->
</testng-results>
