<?xml version="1.0" encoding="UTF-8"?>
<!-- Generated by org.testng.reporters.JUnitXMLReporter -->
<testsuite ignored="0" hostname="DESKTOP-M875BMH" failures="0" tests="11" name="Test" time="0.208" errors="0" timestamp="2022-12-01T13:09:14 IST">
  <testcase classname="testNG.Account" name="AccountCreation" time="0.019"/>
  <testcase classname="testNG.Account" name="AccountUpdation" time="0.004"/>
  <testcase classname="testNG.Account" name="AccountManipulation" time="0.005"/>
  <testcase classname="testNG.Account" name="AccountVerification" time="0.003"/>
  <testcase classname="testNG.Account" name="AccountDeletion" time="0.004"/>
  <testcase classname="testNG.TestPriority" name="Guava" time="0.006"/>
  <testcase classname="testNG.TestPriority" name="Orange" time="0.002"/>
  <testcase classname="testNG.TestPriority" name="Mango" time="0.002"/>
  <testcase classname="testNG.TestPriority" name="Strawberry" time="0.006"/>
  <testcase classname="testNG.TestPriority" name="Apple" time="0.011"/>
  <testcase classname="testNG.TestPriority" name="Banana" time="0.003"/>
</testsuite> <!-- Test -->
