<?xml version="1.0" encoding="UTF-8"?>
<!-- Generated by org.testng.reporters.JUnitXMLReporter -->
<testsuite ignored="0" hostname="DESKTOP-M875BMH" failures="0" tests="5" name="Default test" time="0.151" errors="0" timestamp="2022-12-02T09:11:16 IST">
  <testcase classname="testNG.Account" name="AccountCreation" time="0.022"/>
  <testcase classname="testNG.Account" name="AccountUpdation" time="0.005"/>
  <testcase classname="testNG.Account" name="AccountManipulation" time="0.006"/>
  <testcase classname="testNG.Account" name="AccountVerification" time="0.004"/>
  <testcase classname="testNG.Account" name="AccountDeletion" time="0.002"/>
</testsuite> <!-- Default test -->
