<?xml version="1.0" encoding="UTF-8"?>
<testng-results skipped="5" failed="0" total="5" passed="0">
  <reporter-output>
  </reporter-output>
  <suite name="Suite" duration-ms="25728" started-at="2022-12-12T03:50:12Z" finished-at="2022-12-12T03:50:38Z">
    <groups>
      <group name="Functional">
        <method signature="TC003.irctcFtrServices()[pri:0, instance:pom.testcases.TC003@2ef9b8bc]" name="irctcFtrServices" class="pom.testcases.TC003"/>
        <method signature="TC004.irctcSaloon()[pri:0, instance:pom.testcases.TC004@60addb54]" name="irctcSaloon" class="pom.testcases.TC004"/>
      </group> <!-- Functional -->
      <group name="Regression">
        <method signature="TC005.irctcGstvalidation()[pri:0, instance:pom.testcases.TC005@1e67b872]" name="irctcGstvalidation" class="pom.testcases.TC005"/>
      </group> <!-- Regression -->
      <group name="Smoke">
        <method signature="TC002.irctcAccommodations()[pri:0, instance:pom.testcases.TC002@5d624da6]" name="irctcAccommodations" class="pom.testcases.TC002"/>
      </group> <!-- Smoke -->
    </groups>
    <test name="Test" duration-ms="25728" started-at="2022-12-12T03:50:12Z" finished-at="2022-12-12T03:50:38Z">
      <class name="pom.testcases.TC001">
        <test-method status="PASS" signature="beforeSuit()[pri:0, instance:pom.testcases.TC001@26ba2a48]" name="beforeSuit" is-config="true" duration-ms="592" started-at="2022-12-12T09:20:11Z" finished-at="2022-12-12T09:20:12Z">
          <reporter-output>
          </reporter-output>
        </test-method> <!-- beforeSuit -->
        <test-method status="PASS" signature="beforeTest()[pri:0, instance:pom.testcases.TC001@26ba2a48]" name="beforeTest" is-config="true" duration-ms="2" started-at="2022-12-12T09:20:12Z" finished-at="2022-12-12T09:20:12Z">
          <reporter-output>
          </reporter-output>
        </test-method> <!-- beforeTest -->
        <test-method status="PASS" signature="beforeClass()[pri:0, instance:pom.testcases.TC001@26ba2a48]" name="beforeClass" is-config="true" duration-ms="1" started-at="2022-12-12T09:20:12Z" finished-at="2022-12-12T09:20:12Z">
          <reporter-output>
          </reporter-output>
        </test-method> <!-- beforeClass -->
        <test-method status="FAIL" signature="beforeMethod()[pri:0, instance:pom.testcases.TC001@26ba2a48]" name="beforeMethod" is-config="true" duration-ms="0" started-at="2022-12-12T09:20:12Z" finished-at="2022-12-12T09:20:12Z">
          <exception class="java.lang.NullPointerException">
            <full-stacktrace>
              <![CDATA[java.lang.NullPointerException
	at wrappers.GenericWrappers.takeSnap(GenericWrappers.java:728)
	at utils.Reporting.reportStep(Reporting.java:38)
	at wrappers.GenericWrappers.invokeApp(GenericWrappers.java:118)
	at wrappers.GenericWrappers.invokeApp(GenericWrappers.java:77)
	at wrappers.ProjectWrappers.beforeMethod(ProjectWrappers.java:34)
	at sun.reflect.NativeMethodAccessorImpl.invoke0(Native Method)
	at sun.reflect.NativeMethodAccessorImpl.invoke(NativeMethodAccessorImpl.java:62)
	at sun.reflect.DelegatingMethodAccessorImpl.invoke(DelegatingMethodAccessorImpl.java:43)
	at java.lang.reflect.Method.invoke(Method.java:498)
	at org.testng.internal.MethodInvocationHelper.invokeMethod(MethodInvocationHelper.java:85)
	at org.testng.internal.Invoker.invokeConfigurationMethod(Invoker.java:521)
	at org.testng.internal.Invoker.invokeConfigurations(Invoker.java:213)
	at org.testng.internal.Invoker.invokeMethod(Invoker.java:605)
	at org.testng.internal.Invoker.invokeTestMethod(Invoker.java:849)
	at org.testng.internal.Invoker.invokeTestMethods(Invoker.java:1157)
	at org.testng.internal.TestMethodWorker.invokeTestMethods(TestMethodWorker.java:124)
	at org.testng.internal.TestMethodWorker.run(TestMethodWorker.java:108)
	at java.util.concurrent.ThreadPoolExecutor.runWorker(ThreadPoolExecutor.java:1149)
	at java.util.concurrent.ThreadPoolExecutor$Worker.run(ThreadPoolExecutor.java:624)
	at java.lang.Thread.run(Thread.java:748)
]]>
            </full-stacktrace>
          </exception> <!-- java.lang.NullPointerException -->
          <reporter-output>
          </reporter-output>
        </test-method> <!-- beforeMethod -->
        <test-method status="SKIP" signature="irctcSignUp()[pri:0, instance:pom.testcases.TC001@26ba2a48]" name="irctcSignUp" duration-ms="1" started-at="2022-12-12T09:20:38Z" finished-at="2022-12-12T09:20:38Z">
          <reporter-output>
          </reporter-output>
        </test-method> <!-- irctcSignUp -->
        <test-method status="SKIP" signature="afterMethod()[pri:0, instance:pom.testcases.TC001@26ba2a48]" name="afterMethod" is-config="true" duration-ms="0" started-at="2022-12-12T09:20:38Z" finished-at="2022-12-12T09:20:38Z">
          <reporter-output>
          </reporter-output>
        </test-method> <!-- afterMethod -->
        <test-method status="SKIP" signature="afterClass()[pri:0, instance:pom.testcases.TC001@26ba2a48]" name="afterClass" is-config="true" duration-ms="0" started-at="2022-12-12T09:20:38Z" finished-at="2022-12-12T09:20:38Z">
          <reporter-output>
          </reporter-output>
        </test-method> <!-- afterClass -->
        <test-method status="SKIP" signature="afterTest()[pri:0, instance:pom.testcases.TC001@26ba2a48]" name="afterTest" is-config="true" duration-ms="0" started-at="2022-12-12T09:20:38Z" finished-at="2022-12-12T09:20:38Z">
          <reporter-output>
          </reporter-output>
        </test-method> <!-- afterTest -->
        <test-method status="SKIP" signature="afterSuite()[pri:0, instance:pom.testcases.TC001@26ba2a48]" name="afterSuite" is-config="true" duration-ms="0" started-at="2022-12-12T09:20:38Z" finished-at="2022-12-12T09:20:38Z">
          <reporter-output>
          </reporter-output>
        </test-method> <!-- afterSuite -->
      </class> <!-- pom.testcases.TC001 -->
      <class name="pom.testcases.TC002">
        <test-method status="PASS" signature="beforeClass()[pri:0, instance:pom.testcases.TC002@5d624da6]" name="beforeClass" is-config="true" duration-ms="1" started-at="2022-12-12T09:20:12Z" finished-at="2022-12-12T09:20:12Z">
          <reporter-output>
          </reporter-output>
        </test-method> <!-- beforeClass -->
        <test-method status="FAIL" signature="beforeMethod()[pri:0, instance:pom.testcases.TC002@5d624da6]" name="beforeMethod" is-config="true" duration-ms="0" started-at="2022-12-12T09:20:12Z" finished-at="2022-12-12T09:20:12Z">
          <exception class="java.lang.NullPointerException">
            <full-stacktrace>
              <![CDATA[java.lang.NullPointerException
	at wrappers.GenericWrappers.takeSnap(GenericWrappers.java:728)
	at utils.Reporting.reportStep(Reporting.java:38)
	at wrappers.GenericWrappers.invokeApp(GenericWrappers.java:118)
	at wrappers.GenericWrappers.invokeApp(GenericWrappers.java:77)
	at wrappers.ProjectWrappers.beforeMethod(ProjectWrappers.java:34)
	at sun.reflect.NativeMethodAccessorImpl.invoke0(Native Method)
	at sun.reflect.NativeMethodAccessorImpl.invoke(NativeMethodAccessorImpl.java:62)
	at sun.reflect.DelegatingMethodAccessorImpl.invoke(DelegatingMethodAccessorImpl.java:43)
	at java.lang.reflect.Method.invoke(Method.java:498)
	at org.testng.internal.MethodInvocationHelper.invokeMethod(MethodInvocationHelper.java:85)
	at org.testng.internal.Invoker.invokeConfigurationMethod(Invoker.java:521)
	at org.testng.internal.Invoker.invokeConfigurations(Invoker.java:213)
	at org.testng.internal.Invoker.invokeMethod(Invoker.java:605)
	at org.testng.internal.Invoker.invokeTestMethod(Invoker.java:849)
	at org.testng.internal.Invoker.invokeTestMethods(Invoker.java:1157)
	at org.testng.internal.TestMethodWorker.invokeTestMethods(TestMethodWorker.java:124)
	at org.testng.internal.TestMethodWorker.run(TestMethodWorker.java:108)
	at java.util.concurrent.ThreadPoolExecutor.runWorker(ThreadPoolExecutor.java:1149)
	at java.util.concurrent.ThreadPoolExecutor$Worker.run(ThreadPoolExecutor.java:624)
	at java.lang.Thread.run(Thread.java:748)
]]>
            </full-stacktrace>
          </exception> <!-- java.lang.NullPointerException -->
          <reporter-output>
          </reporter-output>
        </test-method> <!-- beforeMethod -->
        <test-method status="SKIP" signature="irctcAccommodations()[pri:0, instance:pom.testcases.TC002@5d624da6]" name="irctcAccommodations" duration-ms="1" started-at="2022-12-12T09:20:38Z" finished-at="2022-12-12T09:20:38Z">
          <reporter-output>
          </reporter-output>
        </test-method> <!-- irctcAccommodations -->
        <test-method status="SKIP" signature="afterMethod()[pri:0, instance:pom.testcases.TC002@5d624da6]" name="afterMethod" is-config="true" duration-ms="0" started-at="2022-12-12T09:20:38Z" finished-at="2022-12-12T09:20:38Z">
          <reporter-output>
          </reporter-output>
        </test-method> <!-- afterMethod -->
        <test-method status="SKIP" signature="afterClass()[pri:0, instance:pom.testcases.TC002@5d624da6]" name="afterClass" is-config="true" duration-ms="0" started-at="2022-12-12T09:20:38Z" finished-at="2022-12-12T09:20:38Z">
          <reporter-output>
          </reporter-output>
        </test-method> <!-- afterClass -->
      </class> <!-- pom.testcases.TC002 -->
      <class name="pom.testcases.TC003">
        <test-method status="PASS" signature="beforeClass()[pri:0, instance:pom.testcases.TC003@2ef9b8bc]" name="beforeClass" is-config="true" duration-ms="1" started-at="2022-12-12T09:20:12Z" finished-at="2022-12-12T09:20:12Z">
          <reporter-output>
          </reporter-output>
        </test-method> <!-- beforeClass -->
        <test-method status="FAIL" signature="beforeMethod()[pri:0, instance:pom.testcases.TC003@2ef9b8bc]" name="beforeMethod" is-config="true" duration-ms="0" started-at="2022-12-12T09:20:12Z" finished-at="2022-12-12T09:20:12Z">
          <exception class="java.lang.NullPointerException">
            <full-stacktrace>
              <![CDATA[java.lang.NullPointerException
	at wrappers.GenericWrappers.takeSnap(GenericWrappers.java:728)
	at utils.Reporting.reportStep(Reporting.java:38)
	at wrappers.GenericWrappers.invokeApp(GenericWrappers.java:118)
	at wrappers.GenericWrappers.invokeApp(GenericWrappers.java:77)
	at wrappers.ProjectWrappers.beforeMethod(ProjectWrappers.java:34)
	at sun.reflect.NativeMethodAccessorImpl.invoke0(Native Method)
	at sun.reflect.NativeMethodAccessorImpl.invoke(NativeMethodAccessorImpl.java:62)
	at sun.reflect.DelegatingMethodAccessorImpl.invoke(DelegatingMethodAccessorImpl.java:43)
	at java.lang.reflect.Method.invoke(Method.java:498)
	at org.testng.internal.MethodInvocationHelper.invokeMethod(MethodInvocationHelper.java:85)
	at org.testng.internal.Invoker.invokeConfigurationMethod(Invoker.java:521)
	at org.testng.internal.Invoker.invokeConfigurations(Invoker.java:213)
	at org.testng.internal.Invoker.invokeMethod(Invoker.java:605)
	at org.testng.internal.Invoker.invokeTestMethod(Invoker.java:849)
	at org.testng.internal.Invoker.invokeTestMethods(Invoker.java:1157)
	at org.testng.internal.TestMethodWorker.invokeTestMethods(TestMethodWorker.java:124)
	at org.testng.internal.TestMethodWorker.run(TestMethodWorker.java:108)
	at java.util.concurrent.ThreadPoolExecutor.runWorker(ThreadPoolExecutor.java:1149)
	at java.util.concurrent.ThreadPoolExecutor$Worker.run(ThreadPoolExecutor.java:624)
	at java.lang.Thread.run(Thread.java:748)
]]>
            </full-stacktrace>
          </exception> <!-- java.lang.NullPointerException -->
          <reporter-output>
          </reporter-output>
        </test-method> <!-- beforeMethod -->
        <test-method status="SKIP" signature="irctcFtrServices()[pri:0, instance:pom.testcases.TC003@2ef9b8bc]" name="irctcFtrServices" duration-ms="2" started-at="2022-12-12T09:20:38Z" finished-at="2022-12-12T09:20:38Z">
          <reporter-output>
          </reporter-output>
        </test-method> <!-- irctcFtrServices -->
        <test-method status="SKIP" signature="afterMethod()[pri:0, instance:pom.testcases.TC003@2ef9b8bc]" name="afterMethod" is-config="true" duration-ms="0" started-at="2022-12-12T09:20:38Z" finished-at="2022-12-12T09:20:38Z">
          <reporter-output>
          </reporter-output>
        </test-method> <!-- afterMethod -->
        <test-method status="SKIP" signature="afterClass()[pri:0, instance:pom.testcases.TC003@2ef9b8bc]" name="afterClass" is-config="true" duration-ms="0" started-at="2022-12-12T09:20:38Z" finished-at="2022-12-12T09:20:38Z">
          <reporter-output>
          </reporter-output>
        </test-method> <!-- afterClass -->
      </class> <!-- pom.testcases.TC003 -->
      <class name="pom.testcases.TC004">
        <test-method status="PASS" signature="beforeClass()[pri:0, instance:pom.testcases.TC004@60addb54]" name="beforeClass" is-config="true" duration-ms="0" started-at="2022-12-12T09:20:12Z" finished-at="2022-12-12T09:20:12Z">
          <reporter-output>
          </reporter-output>
        </test-method> <!-- beforeClass -->
        <test-method status="FAIL" signature="beforeMethod()[pri:0, instance:pom.testcases.TC004@60addb54]" name="beforeMethod" is-config="true" duration-ms="0" started-at="2022-12-12T09:20:12Z" finished-at="2022-12-12T09:20:12Z">
          <exception class="java.lang.NullPointerException">
            <full-stacktrace>
              <![CDATA[java.lang.NullPointerException
	at wrappers.GenericWrappers.takeSnap(GenericWrappers.java:728)
	at utils.Reporting.reportStep(Reporting.java:38)
	at wrappers.GenericWrappers.invokeApp(GenericWrappers.java:118)
	at wrappers.GenericWrappers.invokeApp(GenericWrappers.java:77)
	at wrappers.ProjectWrappers.beforeMethod(ProjectWrappers.java:34)
	at sun.reflect.NativeMethodAccessorImpl.invoke0(Native Method)
	at sun.reflect.NativeMethodAccessorImpl.invoke(NativeMethodAccessorImpl.java:62)
	at sun.reflect.DelegatingMethodAccessorImpl.invoke(DelegatingMethodAccessorImpl.java:43)
	at java.lang.reflect.Method.invoke(Method.java:498)
	at org.testng.internal.MethodInvocationHelper.invokeMethod(MethodInvocationHelper.java:85)
	at org.testng.internal.Invoker.invokeConfigurationMethod(Invoker.java:521)
	at org.testng.internal.Invoker.invokeConfigurations(Invoker.java:213)
	at org.testng.internal.Invoker.invokeMethod(Invoker.java:605)
	at org.testng.internal.Invoker.invokeTestMethod(Invoker.java:849)
	at org.testng.internal.Invoker.invokeTestMethods(Invoker.java:1157)
	at org.testng.internal.TestMethodWorker.invokeTestMethods(TestMethodWorker.java:124)
	at org.testng.internal.TestMethodWorker.run(TestMethodWorker.java:108)
	at java.util.concurrent.ThreadPoolExecutor.runWorker(ThreadPoolExecutor.java:1149)
	at java.util.concurrent.ThreadPoolExecutor$Worker.run(ThreadPoolExecutor.java:624)
	at java.lang.Thread.run(Thread.java:748)
]]>
            </full-stacktrace>
          </exception> <!-- java.lang.NullPointerException -->
          <reporter-output>
          </reporter-output>
        </test-method> <!-- beforeMethod -->
        <test-method status="SKIP" signature="irctcSaloon()[pri:0, instance:pom.testcases.TC004@60addb54]" name="irctcSaloon" duration-ms="1" started-at="2022-12-12T09:20:38Z" finished-at="2022-12-12T09:20:38Z">
          <reporter-output>
          </reporter-output>
        </test-method> <!-- irctcSaloon -->
        <test-method status="SKIP" signature="afterMethod()[pri:0, instance:pom.testcases.TC004@60addb54]" name="afterMethod" is-config="true" duration-ms="0" started-at="2022-12-12T09:20:38Z" finished-at="2022-12-12T09:20:38Z">
          <reporter-output>
          </reporter-output>
        </test-method> <!-- afterMethod -->
        <test-method status="SKIP" signature="afterClass()[pri:0, instance:pom.testcases.TC004@60addb54]" name="afterClass" is-config="true" duration-ms="0" started-at="2022-12-12T09:20:38Z" finished-at="2022-12-12T09:20:38Z">
          <reporter-output>
          </reporter-output>
        </test-method> <!-- afterClass -->
      </class> <!-- pom.testcases.TC004 -->
      <class name="pom.testcases.TC005">
        <test-method status="PASS" signature="beforeClass()[pri:0, instance:pom.testcases.TC005@1e67b872]" name="beforeClass" is-config="true" duration-ms="2" started-at="2022-12-12T09:20:12Z" finished-at="2022-12-12T09:20:12Z">
          <reporter-output>
          </reporter-output>
        </test-method> <!-- beforeClass -->
        <test-method status="FAIL" signature="beforeMethod()[pri:0, instance:pom.testcases.TC005@1e67b872]" name="beforeMethod" is-config="true" duration-ms="0" started-at="2022-12-12T09:20:12Z" finished-at="2022-12-12T09:20:12Z">
          <exception class="java.lang.NullPointerException">
            <full-stacktrace>
              <![CDATA[java.lang.NullPointerException
	at wrappers.GenericWrappers.takeSnap(GenericWrappers.java:728)
	at utils.Reporting.reportStep(Reporting.java:38)
	at wrappers.GenericWrappers.invokeApp(GenericWrappers.java:118)
	at wrappers.GenericWrappers.invokeApp(GenericWrappers.java:77)
	at wrappers.ProjectWrappers.beforeMethod(ProjectWrappers.java:34)
	at sun.reflect.NativeMethodAccessorImpl.invoke0(Native Method)
	at sun.reflect.NativeMethodAccessorImpl.invoke(NativeMethodAccessorImpl.java:62)
	at sun.reflect.DelegatingMethodAccessorImpl.invoke(DelegatingMethodAccessorImpl.java:43)
	at java.lang.reflect.Method.invoke(Method.java:498)
	at org.testng.internal.MethodInvocationHelper.invokeMethod(MethodInvocationHelper.java:85)
	at org.testng.internal.Invoker.invokeConfigurationMethod(Invoker.java:521)
	at org.testng.internal.Invoker.invokeConfigurations(Invoker.java:213)
	at org.testng.internal.Invoker.invokeMethod(Invoker.java:605)
	at org.testng.internal.Invoker.invokeTestMethod(Invoker.java:849)
	at org.testng.internal.Invoker.invokeTestMethods(Invoker.java:1157)
	at org.testng.internal.TestMethodWorker.invokeTestMethods(TestMethodWorker.java:124)
	at org.testng.internal.TestMethodWorker.run(TestMethodWorker.java:108)
	at java.util.concurrent.ThreadPoolExecutor.runWorker(ThreadPoolExecutor.java:1149)
	at java.util.concurrent.ThreadPoolExecutor$Worker.run(ThreadPoolExecutor.java:624)
	at java.lang.Thread.run(Thread.java:748)
]]>
            </full-stacktrace>
          </exception> <!-- java.lang.NullPointerException -->
          <reporter-output>
          </reporter-output>
        </test-method> <!-- beforeMethod -->
        <test-method status="SKIP" signature="irctcGstvalidation()[pri:0, instance:pom.testcases.TC005@1e67b872]" name="irctcGstvalidation" duration-ms="2" started-at="2022-12-12T09:20:37Z" finished-at="2022-12-12T09:20:37Z">
          <reporter-output>
          </reporter-output>
        </test-method> <!-- irctcGstvalidation -->
        <test-method status="SKIP" signature="afterMethod()[pri:0, instance:pom.testcases.TC005@1e67b872]" name="afterMethod" is-config="true" duration-ms="0" started-at="2022-12-12T09:20:38Z" finished-at="2022-12-12T09:20:38Z">
          <reporter-output>
          </reporter-output>
        </test-method> <!-- afterMethod -->
        <test-method status="SKIP" signature="afterClass()[pri:0, instance:pom.testcases.TC005@1e67b872]" name="afterClass" is-config="true" duration-ms="0" started-at="2022-12-12T09:20:38Z" finished-at="2022-12-12T09:20:38Z">
          <reporter-output>
          </reporter-output>
        </test-method> <!-- afterClass -->
      </class> <!-- pom.testcases.TC005 -->
    </test> <!-- Test -->
  </suite> <!-- Suite -->
</testng-results>
